russian_top's load is not successful 2023-06-03 19:24:43.826321russian_top's load is not successful 2023-06-03 19:26:12.504107 

russian_top's load is not successful 2023-06-03 19:26:29.128081 

russian_top's load is not successful 2023-06-03 19:26:38.571390
russian_top's load is not successful 2023-06-03 19:26:43.626019
russian_top's load is not successful 2023-06-03 19:26:48.529477
russian_top's load is not successful 2023-06-03 19:26:49.659102
russian_top's load is not successful 2023-06-03 19:39:09.767503
russian_top's load is not successful 2023-06-04 13:58:41.012706
ERROR: Could not load russian top. Something happened with the url(could not get json format or your url is invalid) 2023-06-04 14:03:33.627681
ERROR: Could not load russian top. Something happened with the url(could not get json format or your url is invalid) 2023-06-04 14:04:38.441971
SUCCESS: russian top loaded successfully 2023-06-04 14:06:08.477085
SUCCESS: russian top loaded successfully 2023-06-04 14:07:17.261125
SUCCESS: testing_server loaded successfully 2023-06-04 14:17:49.352228
ERROR: Could not load testing_server. Something happened with the url(could not get json format or your url is invalid) 2023-06-04 14:19:00.097806
SUCCESS: russian top has loaded successfully 2023-06-04 14:21:16.164800
SUCCESS: russian top has loaded successfully 2023-06-04 14:34:19.670054
SUCCESS: russian top has loaded successfully 2023-06-04 14:35:07.529608
SUCCESS: russian sports has loaded successfully 2023-06-04 14:36:34.628717
SUCCESS: russian top has loaded successfully 2023-06-04 14:41:46.370807
SUCCESS: russian top has loaded successfully 2023-06-04 14:42:01.476110
SUCCESS: russian top has loaded successfully 2023-06-04 14:42:11.741745
SUCCESS: russian top has loaded successfully 2023-06-04 14:43:32.142332
SUCCESS: russian top has loaded successfully 2023-06-04 14:43:57.273757
SUCCESS: russian top has loaded successfully 2023-06-04 14:45:18.209981
SUCCESS: russian top has loaded successfully 2023-06-04 14:45:38.307294
SUCCESS: russian top has loaded successfully 2023-06-04 14:45:55.898165
SUCCESS: russian top has loaded successfully 2023-06-04 14:48:48.025901
SUCCESS: russian sports has loaded successfully 2023-06-04 14:50:04.709275
SUCCESS: russian sports has loaded successfully 2023-06-04 14:52:37.894458
SUCCESS: russian sports has loaded successfully 2023-06-04 14:55:09.776809
SUCCESS: russian sports has loaded successfully 2023-06-04 15:07:52.325395
SUCCESS: russian sports has loaded successfully 2023-06-04 15:08:03.661205
SUCCESS: russian sports has loaded successfully 2023-06-04 15:08:26.994051
SUCCESS: russian sports has loaded successfully 2023-06-04 15:08:57.040032
SUCCESS: russian sports has loaded successfully 2023-06-04 15:10:11.198628
SUCCESS: russian sports has loaded successfully 2023-06-04 15:10:31.009712
SUCCESS: russian sports has loaded successfully 2023-06-04 15:16:34.914205
SUCCESS: russian sports has loaded successfully 2023-06-04 15:17:06.737345
SUCCESS: russian sports has loaded successfully 2023-06-04 15:18:21.330645
SUCCESS: russian sports has loaded successfully 2023-06-04 15:21:25.033050
SUCCESS: russian sports has loaded successfully 2023-06-04 15:22:09.205519
SUCCESS: russian sports has loaded successfully 2023-06-04 15:22:46.364623
SUCCESS: russian sports has loaded successfully 2023-06-04 15:24:44.265456
SUCCESS: russian sports has loaded successfully 2023-06-04 15:27:31.550765
SUCCESS: russian sports has loaded successfully 2023-06-04 15:27:46.875585
SUCCESS: russian top has loaded successfully 2023-06-04 15:29:33.466334
SUCCESS: russian top has loaded successfully 2023-06-04 15:32:31.965844
SUCCESS: russian top has loaded successfully 2023-06-04 15:33:35.905037
SUCCESS: russian top has loaded successfully 2023-06-04 15:35:22.673018
SUCCESS: russian top has loaded successfully 2023-06-04 15:35:35.376293
SUCCESS: russian top has loaded successfully 2023-06-04 15:36:26.812853
SUCCESS: russian top has loaded successfully 2023-06-04 15:37:45.788696
SUCCESS: russian top has loaded successfully 2023-06-04 15:40:59.842607
SUCCESS: russian top has loaded successfully 2023-06-04 15:41:12.736955
SUCCESS: russian top has loaded successfully 2023-06-04 15:43:45.406126
SUCCESS: russian top has loaded successfully 2023-06-04 15:44:11.758298
SUCCESS: russian top has loaded successfully 2023-06-04 15:46:48.969788
SUCCESS: russian top has loaded successfully 2023-06-04 15:48:50.322728
SUCCESS: russian top has loaded successfully 2023-06-04 15:49:02.420536
SUCCESS: russian top has loaded successfully 2023-06-04 15:50:23.069260
SUCCESS: russian top has loaded successfully 2023-06-04 15:50:42.395047
SUCCESS: russian top has loaded successfully 2023-06-04 15:51:07.875177
SUCCESS: russian top has loaded successfully 2023-06-04 15:51:34.473186
SUCCESS: russian top has loaded successfully 2023-06-04 15:52:20.395358
SUCCESS: russian sports has loaded successfully 2023-06-04 15:52:52.976207
SUCCESS: russian sports has loaded successfully 2023-06-04 15:57:40.120932
SUCCESS: russian top has loaded successfully 2023-06-06 13:04:06.831000
SUCCESS: russian top has loaded successfully 2023-06-06 13:04:27.703344
SUCCESS: russian top has loaded successfully 2023-06-06 13:04:49.237594
SUCCESS: russian top has loaded successfully 2023-06-06 13:05:12.484816
SUCCESS: russian top has loaded successfully 2023-06-06 13:06:05.316378
SUCCESS: russian top has loaded successfully 2023-06-06 13:06:49.475289
SUCCESS: russian top has loaded successfully 2023-06-06 13:08:36.355424
SUCCESS: russian top has loaded successfully 2023-06-06 13:09:04.615704
SUCCESS: russian top has loaded successfully 2023-06-06 13:09:20.415931
SUCCESS: russian top has loaded successfully 2023-06-06 13:09:29.804706
SUCCESS: russian top has loaded successfully 2023-06-06 13:10:36.097482
SUCCESS: russian top has loaded successfully 2023-06-06 13:13:01.310102
SUCCESS: russian top has loaded successfully 2023-06-06 13:15:22.097275
SUCCESS: russian top has loaded successfully 2023-06-06 13:17:01.832862
SUCCESS: russian top has loaded successfully 2023-06-06 13:20:56.885892
SUCCESS: russian top has loaded successfully 2023-06-06 13:21:18.894592
SUCCESS: russian top has loaded successfully 2023-06-06 13:21:38.916937
SUCCESS: russian top has loaded successfully 2023-06-06 13:22:11.006167
SUCCESS: russian top has loaded successfully 2023-06-06 13:31:25.260177
SUCCESS: russian top has loaded successfully 2023-06-06 13:31:35.793700
SUCCESS: russian top has loaded successfully 2023-06-06 18:38:52.795748
SUCCESS: russian top has loaded successfully 2023-06-06 18:41:12.107102
SUCCESS: russian top has loaded successfully 2023-06-06 18:41:22.947549
SUCCESS: russian top has loaded successfully 2023-06-06 18:42:34.826210
SUCCESS: russian top has loaded successfully 2023-06-06 18:44:13.053157
SUCCESS: russian top has loaded successfully 2023-06-06 18:45:31.338520
SUCCESS: russian top has loaded successfully 2023-06-06 18:48:33.380583
SUCCESS: russian top has loaded successfully 2023-06-06 19:02:04.262853
SUCCESS: russian top has loaded successfully 2023-06-06 19:02:33.881453
SUCCESS: russian top has loaded successfully 2023-06-06 19:02:56.481010
SUCCESS: russian top has loaded successfully 2023-06-06 19:04:00.862494
SUCCESS: russian sports has loaded successfully 2023-06-06 19:04:02.265819
SUCCESS: russian technology has loaded successfully 2023-06-06 19:04:35.676511
SUCCESS: russian technology has loaded successfully 2023-06-06 19:10:37.849823
SUCCESS: russian technology has loaded successfully 2023-06-06 19:10:58.321442
SUCCESS: russian top has loaded successfully 2023-06-06 19:13:27.589368
SUCCESS: russian top has loaded successfully 2023-06-06 19:13:34.090409
SUCCESS: russian top has loaded successfully 2023-06-06 19:14:07.918690
SUCCESS: russian top has loaded successfully 2023-06-06 19:15:15.690693
SUCCESS: russian top has loaded successfully 2023-06-06 19:15:33.595887
SUCCESS: russian top has loaded successfully 2023-06-06 19:15:39.166737
SUCCESS: russian top has loaded successfully 2023-06-06 19:17:06.210897
SUCCESS: russian technology has loaded successfully 2023-06-06 19:19:20.679014
SUCCESS: russian technology has loaded successfully 2023-06-06 19:19:56.199172
SUCCESS: russian technology has loaded successfully 2023-06-06 19:20:36.788853
SUCCESS: russian technology has loaded successfully 2023-06-06 19:21:18.207777
SUCCESS: russian technology has loaded successfully 2023-06-06 19:21:51.448217
SUCCESS: russian technology has loaded successfully 2023-06-06 19:22:33.895662
SUCCESS: russian technology has loaded successfully 2023-06-06 19:24:50.377552
SUCCESS: russian top has loaded successfully 2023-06-06 19:25:20.820841
SUCCESS: russian sports has loaded successfully 2023-06-06 19:26:03.102884
SUCCESS: russian sports has loaded successfully 2023-06-06 19:26:39.940917
SUCCESS: russian sports has loaded successfully 2023-06-06 19:26:58.347947
SUCCESS: russian sports has loaded successfully 2023-06-06 19:27:22.836152
SUCCESS: russian sports has loaded successfully 2023-06-06 19:27:30.854326
SUCCESS: russian top has loaded successfully 2023-06-06 19:27:51.126710
SUCCESS: russian sports has loaded successfully 2023-06-06 19:27:53.869461
SUCCESS: russian top has loaded successfully 2023-06-06 19:28:00.814005
SUCCESS: russian sports has loaded successfully 2023-06-06 19:28:02.028112
SUCCESS: russian top has loaded successfully 2023-06-06 19:28:26.373775
SUCCESS: russian sports has loaded successfully 2023-06-06 19:28:27.552269
SUCCESS: russian top has loaded successfully 2023-06-06 19:28:44.029052
SUCCESS: russian sports has loaded successfully 2023-06-06 19:28:47.001702
SUCCESS: russian top has loaded successfully 2023-06-06 19:28:56.421605
SUCCESS: russian sports has loaded successfully 2023-06-06 19:28:57.510977
SUCCESS: russian technology has loaded successfully 2023-06-06 19:29:33.322863
SUCCESS: russian top has loaded successfully 2023-06-06 19:34:09.408666
SUCCESS: russian sports has loaded successfully 2023-06-06 19:34:10.760459
SUCCESS: russian technology has loaded successfully 2023-06-06 19:34:11.771379
SUCCESS: russian business has loaded successfully 2023-06-06 19:34:13.120678
SUCCESS: russian top has loaded successfully 2023-06-06 19:34:42.547164
SUCCESS: russian sports has loaded successfully 2023-06-06 19:34:45.570453
SUCCESS: russian technology has loaded successfully 2023-06-06 19:34:48.267820
SUCCESS: russian business has loaded successfully 2023-06-06 19:34:49.675771
SUCCESS: russian top has loaded successfully 2023-06-06 19:41:47.869195
ERROR: Could not load russian top. something happened to the server(401 or your limit is exceeded) 2023-06-06 19:45:42.715610
ERROR: Could not load russian top. something happened to the server(401 or your limit is exceeded) 2023-06-06 19:47:07.359911
ERROR: Could not load russian top. something happened to the server(401 or your limit is exceeded) 2023-06-06 19:48:05.810358
ERROR: Could not load russian top. something happened to the server(401 or your limit is exceeded) 2023-06-06 19:48:53.070320
ERROR: Could not load russian top. something happened to the server(401 or your limit is exceeded) 2023-06-06 19:49:48.003987
SUCCESS: russian top has loaded successfully 2023-06-06 19:50:45.275918
SUCCESS: russian top has loaded successfully 2023-06-06 19:50:55.823210
SUCCESS: russian top has loaded successfully 2023-06-06 19:51:47.058505
SUCCESS: russian top has loaded successfully 2023-06-06 19:51:59.306527
SUCCESS: russian sports has loaded successfully 2023-06-06 19:52:11.377823
SUCCESS: russian sports has loaded successfully 2023-06-06 19:52:36.067957
SUCCESS: russian technology has loaded successfully 2023-06-06 19:52:47.784393
SUCCESS: russian business has loaded successfully 2023-06-06 19:52:57.771182
SUCCESS: russian technology has loaded successfully 2023-06-07 19:02:38.737069
SUCCESS: russian technology has loaded successfully 2023-06-07 19:03:05.876940
SUCCESS: russian technology has loaded successfully 2023-06-07 19:03:12.369132
SUCCESS: russian technology has loaded successfully 2023-06-07 19:03:57.434988
SUCCESS: russian technology has loaded successfully 2023-06-07 19:04:14.572688
SUCCESS: russian technology has loaded successfully 2023-06-07 19:05:18.796661
SUCCESS: russian technology has loaded successfully 2023-06-07 19:05:47.529660
SUCCESS: russian business has loaded successfully 2023-06-07 19:07:19.251466
SUCCESS: russian business has loaded successfully 2023-06-07 19:07:29.963381
SUCCESS: russian business has loaded successfully 2023-06-07 19:08:29.397885
SUCCESS: russian top has loaded successfully 2023-06-07 19:13:07.886266
SUCCESS: usa sports has loaded successfully 2023-06-15 13:00:29.485920
SUCCESS: usa sports has loaded successfully 2023-06-15 13:01:00.454233
SUCCESS: usa sports has loaded successfully 2023-06-15 13:01:20.456081
SUCCESS: usa sports has loaded successfully 2023-06-15 13:01:46.119333
SUCCESS: usa sports has loaded successfully 2023-06-15 13:02:11.207701
SUCCESS: usa sports has loaded successfully 2023-06-15 13:02:40.938956
SUCCESS: usa sports has loaded successfully 2023-06-15 13:04:01.294362
SUCCESS: usa_sports for staging layer has loaded successfully 2023-06-15 13:04:02.564165
SUCCESS: usa sports has loaded successfully 2023-06-15 13:04:23.230581
SUCCESS: usa_sports for staging layer has loaded successfully 2023-06-15 13:04:24.785682
SUCCESS: russian sports has loaded successfully 2024-01-05 14:52:19.415648
SUCCESS: russian business has loaded successfully 2024-01-05 14:52:20.327688
SUCCESS: russian technology has loaded successfully 2024-01-05 14:52:24.282679
SUCCESS: usa sports has loaded successfully 2024-01-05 14:52:25.167806
SUCCESS: usa business has loaded successfully 2024-01-05 14:52:26.111505
SUCCESS: usa technology has loaded successfully 2024-01-05 14:52:27.111444
SUCCESS: staging loading is done 2024-01-05 14:52:40.132302
SUCCESS: russian_sports for staging layer has loaded successfully 2024-01-05 14:52:40.299106
SUCCESS: staging loading is done 2024-01-05 14:52:41.884445
SUCCESS: russian_business for staging layer has loaded successfully 2024-01-05 14:52:42.059707
SUCCESS: staging loading is done 2024-01-05 14:52:43.244932
SUCCESS: russian_technology for staging layer has loaded successfully 2024-01-05 14:52:43.411253
SUCCESS: staging loading is done 2024-01-05 14:52:45.156973
SUCCESS: usa_sports for staging layer has loaded successfully 2024-01-05 14:52:45.328938
SUCCESS: staging loading is done 2024-01-05 14:52:47.235366
SUCCESS: usa_business for staging layer has loaded successfully 2024-01-05 14:52:47.410095
SUCCESS: staging loading is done 2024-01-05 14:52:49.200835
SUCCESS: usa_technology for staging layer has loaded successfully 2024-01-05 14:52:49.378343
SUCCESS: Loading into the staging layer has been completed{datetime.today()}
SUCCESS: russian sports has loaded successfully 2024-01-05 14:54:55.822814
SUCCESS: russian business has loaded successfully 2024-01-05 14:54:56.748788
SUCCESS: russian technology has loaded successfully 2024-01-05 14:54:57.559159
SUCCESS: usa sports has loaded successfully 2024-01-05 14:54:58.545695
SUCCESS: usa business has loaded successfully 2024-01-05 14:54:59.505287
SUCCESS: usa technology has loaded successfully 2024-01-05 14:55:00.503447
SUCCESS: staging loading is done 2024-01-05 14:55:12.756066
SUCCESS: russian_sports for staging layer has loaded successfully 2024-01-05 14:55:12.921141
SUCCESS: staging loading is done 2024-01-05 14:55:14.395485
SUCCESS: russian_business for staging layer has loaded successfully 2024-01-05 14:55:14.570671
SUCCESS: russian sports has loaded successfully 2024-01-05 14:55:14.751981
SUCCESS: russian business has loaded successfully 2024-01-05 14:55:15.551586
SUCCESS: staging loading is done 2024-01-05 14:55:15.887625
SUCCESS: russian_technology for staging layer has loaded successfully 2024-01-05 14:55:16.062242
SUCCESS: russian technology has loaded successfully 2024-01-05 14:55:16.372461
SUCCESS: usa sports has loaded successfully 2024-01-05 14:55:17.165875
SUCCESS: staging loading is done 2024-01-05 14:55:17.765266
SUCCESS: usa_sports for staging layer has loaded successfully 2024-01-05 14:55:17.935169
SUCCESS: usa business has loaded successfully 2024-01-05 14:55:17.976798
SUCCESS: usa technology has loaded successfully 2024-01-05 14:55:18.763774
SUCCESS: staging loading is done 2024-01-05 14:55:19.692334
SUCCESS: usa_business for staging layer has loaded successfully 2024-01-05 14:55:19.887474
SUCCESS: staging loading is done 2024-01-05 14:55:20.044521
SUCCESS: russian_sports for staging layer has loaded successfully 2024-01-05 14:55:20.219268
SUCCESS: staging loading is done 2024-01-05 14:55:21.431218
SUCCESS: usa_technology for staging layer has loaded successfully 2024-01-05 14:55:21.606338
SUCCESS: Loading into the staging layer has been completed{datetime.today()}
SUCCESS: staging loading is done 2024-01-05 14:55:21.641387
SUCCESS: russian_business for staging layer has loaded successfully 2024-01-05 14:55:21.812517
SUCCESS: staging loading is done 2024-01-05 14:55:23.063437
SUCCESS: russian_technology for staging layer has loaded successfully 2024-01-05 14:55:23.234787
SUCCESS: staging loading is done 2024-01-05 14:55:24.910017
SUCCESS: usa_sports for staging layer has loaded successfully 2024-01-05 14:55:25.079030
SUCCESS: staging loading is done 2024-01-05 14:55:26.880334
SUCCESS: usa_business for staging layer has loaded successfully 2024-01-05 14:55:27.057815
SUCCESS: staging loading is done 2024-01-05 14:55:28.560974
SUCCESS: usa_technology for staging layer has loaded successfully 2024-01-05 14:55:28.734586
SUCCESS: Loading into the staging layer has been completed{datetime.today()}
